<?xml version="1.0" encoding="UTF-8"?>
<!-- Generated by org.testng.reporters.JUnitXMLReporter -->
<testsuite ignored="0" hostname="DESKTOP-0CJ158F" failures="1" tests="2" name="Registration_Test" time="41.349" errors="0" timestamp="2024-12-11T12:15:45 IST">
  <testcase classname="testCases.Registration_Test" name="Regis_test" time="2.401"/>
  <testcase classname="testCases.login_test" name="Login_TC" time="17.212">
    <failure type="java.lang.AssertionError" message="Text Mismatched expected [true] but found [false]">
      <![CDATA[java.lang.AssertionError: Text Mismatched expected [true] but found [false]
at testCases.login_test.Login_TC(login_test.java:41)
at java.base/java.util.ArrayList.forEach(ArrayList.java:1597)
... Removed 30 stack frames]]>
    </failure>
  </testcase> <!-- Login_TC -->
</testsuite> <!-- Registration_Test -->
