<?xml version="1.0" encoding="UTF-8"?>
<!-- Generated by org.testng.reporters.JUnitXMLReporter -->
<testsuite ignored="0" hostname="DESKTOP-0CJ158F" failures="0" tests="3" name="Master Test" time="34.742" errors="0" timestamp="2024-12-24T17:17:02 IST">
  <testcase classname="testCases.Registration_Test" name="Regis_test" time="2.386"/>
  <testcase classname="testCases.login_test" name="Login_TC" time="6.92"/>
  <testcase classname="testCases.TC_Seach_Product" name="searchtest" time="4.546"/>
</testsuite> <!-- Master Test -->
