<?xml version="1.0" encoding="UTF-8"?>
<!-- Generated by org.testng.reporters.JUnitXMLReporter -->
<testsuite ignored="0" hostname="DESKTOP-0CJ158F" failures="0" tests="3" name="Master Test" time="33.927" errors="0" timestamp="2024-12-20T12:06:21 IST">
  <testcase classname="testCases.Registration_Test" name="Regis_test" time="3.368"/>
  <testcase classname="testCases.login_test" name="Login_TC" time="7.529"/>
  <testcase classname="testCases.TC_Seach_Product" name="searchtest" time="3.904"/>
</testsuite> <!-- Master Test -->
