<?xml version="1.0" encoding="UTF-8"?>
<testng-results ignored="0" total="2" passed="2" failed="0" skipped="0">
  <reporter-output>
  </reporter-output>
  <suite started-at="2024-12-11T16:28:32 IST" name="Master Suite" finished-at="2024-12-11T16:28:55 IST" duration-ms="23301">
    <groups>
      <group name="Master">
        <method signature="Registration_Test.Regis_test()[pri:0, instance:testCases.Registration_Test@72967906]" name="Regis_test" class="testCases.Registration_Test"/>
        <method signature="login_test.Login_TC()[pri:0, instance:testCases.login_test@7d8995e]" name="Login_TC" class="testCases.login_test"/>
      </group> <!-- Master -->
      <group name="Sanity">
        <method signature="login_test.Login_TC()[pri:0, instance:testCases.login_test@7d8995e]" name="Login_TC" class="testCases.login_test"/>
      </group> <!-- Sanity -->
      <group name="Regression">
        <method signature="Registration_Test.Regis_test()[pri:0, instance:testCases.Registration_Test@72967906]" name="Regis_test" class="testCases.Registration_Test"/>
      </group> <!-- Regression -->
    </groups>
    <test started-at="2024-12-11T16:28:32 IST" name="Master Test" finished-at="2024-12-11T16:28:55 IST" duration-ms="23301">
      <class name="testCases.Registration_Test">
        <test-method is-config="true" signature="setup(java.lang.String,java.lang.String,java.lang.String)[pri:0, instance:testCases.Registration_Test@72967906]" started-at="2024-12-11T16:28:32 IST" name="setup" finished-at="2024-12-11T16:28:38 IST" duration-ms="5714" status="PASS">
          <params>
            <param index="0">
              <value>
                <![CDATA[Windows]]>
              </value>
            </param>
            <param index="1">
              <value>
                <![CDATA[chrome]]>
              </value>
            </param>
            <param index="2">
              <value>
                <![CDATA[https://tutorialsninja.com/demo/]]>
              </value>
            </param>
          </params>
          <reporter-output>
          </reporter-output>
        </test-method> <!-- setup -->
        <test-method signature="Regis_test()[pri:0, instance:testCases.Registration_Test@72967906]" started-at="2024-12-11T16:28:38 IST" name="Regis_test" finished-at="2024-12-11T16:28:41 IST" duration-ms="3367" status="PASS">
          <reporter-output>
          </reporter-output>
        </test-method> <!-- Regis_test -->
        <test-method is-config="true" signature="teardown()[pri:0, instance:testCases.Registration_Test@72967906]" started-at="2024-12-11T16:28:41 IST" name="teardown" finished-at="2024-12-11T16:28:42 IST" duration-ms="618" status="PASS">
          <reporter-output>
          </reporter-output>
        </test-method> <!-- teardown -->
      </class> <!-- testCases.Registration_Test -->
      <class name="testCases.login_test">
        <test-method is-config="true" signature="setup(java.lang.String,java.lang.String,java.lang.String)[pri:0, instance:testCases.login_test@7d8995e]" started-at="2024-12-11T16:28:42 IST" name="setup" finished-at="2024-12-11T16:28:48 IST" duration-ms="5660" status="PASS">
          <params>
            <param index="0">
              <value>
                <![CDATA[Windows]]>
              </value>
            </param>
            <param index="1">
              <value>
                <![CDATA[chrome]]>
              </value>
            </param>
            <param index="2">
              <value>
                <![CDATA[https://tutorialsninja.com/demo/]]>
              </value>
            </param>
          </params>
          <reporter-output>
          </reporter-output>
        </test-method> <!-- setup -->
        <test-method signature="Login_TC()[pri:0, instance:testCases.login_test@7d8995e]" started-at="2024-12-11T16:28:48 IST" name="Login_TC" finished-at="2024-12-11T16:28:55 IST" duration-ms="7403" status="PASS">
          <reporter-output>
          </reporter-output>
        </test-method> <!-- Login_TC -->
        <test-method is-config="true" signature="teardown()[pri:0, instance:testCases.login_test@7d8995e]" started-at="2024-12-11T16:28:55 IST" name="teardown" finished-at="2024-12-11T16:28:55 IST" duration-ms="251" status="PASS">
          <reporter-output>
          </reporter-output>
        </test-method> <!-- teardown -->
      </class> <!-- testCases.login_test -->
    </test> <!-- Master Test -->
  </suite> <!-- Master Suite -->
</testng-results>
