<?xml version="1.0" encoding="UTF-8"?>
<testng-results ignored="0" total="2" passed="2" failed="0" skipped="0">
  <reporter-output>
  </reporter-output>
  <suite started-at="2024-12-26T12:34:02 IST" name="Registration_Suite" finished-at="2024-12-26T12:37:01 IST" duration-ms="178302">
    <groups>
      <group name="Master">
        <method signature="Registration_Test.Regis_test()[pri:0, instance:testCases.Registration_Test@72967906]" name="Regis_test" class="testCases.Registration_Test"/>
        <method signature="Registration_Test.Regis_test()[pri:0, instance:testCases.Registration_Test@34123d65]" name="Regis_test" class="testCases.Registration_Test"/>
      </group> <!-- Master -->
      <group name="Regression">
        <method signature="Registration_Test.Regis_test()[pri:0, instance:testCases.Registration_Test@72967906]" name="Regis_test" class="testCases.Registration_Test"/>
        <method signature="Registration_Test.Regis_test()[pri:0, instance:testCases.Registration_Test@34123d65]" name="Regis_test" class="testCases.Registration_Test"/>
      </group> <!-- Regression -->
    </groups>
    <test started-at="2024-12-26T12:34:02 IST" name="Registration_Test_chrome" finished-at="2024-12-26T12:36:32 IST" duration-ms="149748">
      <class name="testCases.Registration_Test">
        <test-method is-config="true" signature="setup(java.lang.String,java.lang.String,java.lang.String)[pri:0, instance:testCases.Registration_Test@72967906]" started-at="2024-12-26T12:34:02 IST" name="setup" finished-at="2024-12-26T12:36:26 IST" duration-ms="143052" status="PASS">
          <params>
            <param index="0">
              <value>
                <![CDATA[Windows]]>
              </value>
            </param>
            <param index="1">
              <value>
                <![CDATA[chrome]]>
              </value>
            </param>
            <param index="2">
              <value>
                <![CDATA[https://tutorialsninja.com/demo/]]>
              </value>
            </param>
          </params>
          <reporter-output>
          </reporter-output>
        </test-method> <!-- setup -->
        <test-method signature="Regis_test()[pri:0, instance:testCases.Registration_Test@72967906]" started-at="2024-12-26T12:36:26 IST" name="Regis_test" finished-at="2024-12-26T12:36:30 IST" duration-ms="4199" status="PASS">
          <reporter-output>
          </reporter-output>
        </test-method> <!-- Regis_test -->
        <test-method is-config="true" signature="teardown()[pri:0, instance:testCases.Registration_Test@72967906]" started-at="2024-12-26T12:36:30 IST" name="teardown" finished-at="2024-12-26T12:36:32 IST" duration-ms="2151" status="PASS">
          <reporter-output>
          </reporter-output>
        </test-method> <!-- teardown -->
      </class> <!-- testCases.Registration_Test -->
    </test> <!-- Registration_Test_chrome -->
    <test started-at="2024-12-26T12:34:02 IST" name="Registration_Test_edge" finished-at="2024-12-26T12:37:01 IST" duration-ms="178302">
      <class name="testCases.Registration_Test">
        <test-method is-config="true" signature="setup(java.lang.String,java.lang.String,java.lang.String)[pri:0, instance:testCases.Registration_Test@34123d65]" started-at="2024-12-26T12:34:02 IST" name="setup" finished-at="2024-12-26T12:36:55 IST" duration-ms="172032" status="PASS">
          <params>
            <param index="0">
              <value>
                <![CDATA[Windows]]>
              </value>
            </param>
            <param index="1">
              <value>
                <![CDATA[edge]]>
              </value>
            </param>
            <param index="2">
              <value>
                <![CDATA[https://tutorialsninja.com/demo/]]>
              </value>
            </param>
          </params>
          <reporter-output>
          </reporter-output>
        </test-method> <!-- setup -->
        <test-method signature="Regis_test()[pri:0, instance:testCases.Registration_Test@34123d65]" started-at="2024-12-26T12:36:55 IST" name="Regis_test" finished-at="2024-12-26T12:37:00 IST" duration-ms="5617" status="PASS">
          <reporter-output>
          </reporter-output>
        </test-method> <!-- Regis_test -->
        <test-method is-config="true" signature="teardown()[pri:0, instance:testCases.Registration_Test@34123d65]" started-at="2024-12-26T12:37:00 IST" name="teardown" finished-at="2024-12-26T12:37:01 IST" duration-ms="389" status="PASS">
          <reporter-output>
          </reporter-output>
        </test-method> <!-- teardown -->
      </class> <!-- testCases.Registration_Test -->
    </test> <!-- Registration_Test_edge -->
  </suite> <!-- Registration_Suite -->
</testng-results>
